[2023-06-08 00:02:33] INFO root fetch - main [MainThread]: Get Changelog since Serial: [18414438]
[2023-06-08 00:02:38] INFO root fetch - main [MainThread]: Found 11 changed packages
[2023-06-08 00:02:38] INFO root fetch - processPackages [ThreadPoolExecutor-0_0]: Start processing: pmag-tilt
[2023-06-08 00:02:38] INFO root fetch - processPackages [ThreadPoolExecutor-0_1]: Start processing: progscheduler
[2023-06-08 00:02:38] INFO root fetch - processPackages [ThreadPoolExecutor-0_2]: Start processing: srspy
[2023-06-08 00:02:38] INFO root fetch - processPackages [ThreadPoolExecutor-0_3]: Start processing: WM9L8-IMA
[2023-06-08 00:02:38] INFO root fetch - processPackages [ThreadPoolExecutor-0_4]: Start processing: ooo-dev-tools
[2023-06-08 00:02:38] INFO root fetch - processPackages [ThreadPoolExecutor-0_5]: Start processing: choosy
[2023-06-08 00:02:38] INFO root fetch - processPackages [ThreadPoolExecutor-0_6]: Start processing: BanterBot
[2023-06-08 00:02:38] INFO root fetch - processPackages [ThreadPoolExecutor-0_7]: Start processing: waveorder
[2023-06-08 00:02:38] INFO root fetch - processPackages [ThreadPoolExecutor-0_8]: Start processing: dj-easy-pdf
[2023-06-08 00:02:38] INFO root fetch - processPackages [ThreadPoolExecutor-0_9]: Start processing: clipped
[2023-06-08 00:02:38] WARNING root fetch - processPackages [pmag-tilt]: Skipping, unable to determine old version
[2023-06-08 00:02:38] WARNING root fetch - processPackages [WM9L8-IMA]: Skipping, unable to determine old version
[2023-06-08 00:02:38] INFO root fetch - processPackages [pmag-tilt]: Start processing: coastsat-package
[2023-06-08 00:02:38] INFO root fetch - main [MainThread]: End processing [pmag-tilt] error
[2023-06-08 00:02:38] INFO root fetch - main [MainThread]: End processing [WM9L8-IMA] error
[2023-06-08 00:02:38] INFO root fetch - processPackages [progscheduler]: New version: [2.3.4] Old Version: [2.3.3]
[2023-06-08 00:02:38] INFO root fetch - processPackages [waveorder]: New version: [2.0.0rc0] Old Version: [1.0.0rc3]
[2023-06-08 00:02:38] WARNING root fetch - processPackages [srspy]: Skipping, unable to determine old version
[2023-06-08 00:02:38] INFO root fetch - processPackages [BanterBot]: New version: [0.0.5] Old Version: [0.0.4]
[2023-06-08 00:02:38] INFO root fetch - main [MainThread]: End processing [srspy] error
[2023-06-08 00:02:38] INFO root fetch - processPackages [coastsat-package]: New version: [0.1.9] Old Version: [0.1.8]
[2023-06-08 00:02:38] INFO root fetch - processPackages [clipped]: New version: [0.4.0] Old Version: [0.3.4]
[2023-06-08 00:02:38] INFO root fetch - processPackages [choosy]: New version: [0.0.3] Old Version: [0.0.2]
[2023-06-08 00:02:38] INFO root fetch - processPackages [dj-easy-pdf]: New version: [0.3.6] Old Version: [0.2.4]
[2023-06-08 00:02:38] INFO root fetch - processPackages [ooo-dev-tools]: New version: [0.9.8] Old Version: [0.9.7]
[2023-06-08 00:02:38] INFO root fetch - processPackages [choosy]: Downloading https://files.pythonhosted.org/packages/40/14/f4342c6e72c7239ba6aef863ec9c7670f2c2e023d416ddf242f2bfaa4c76/choosy-0.0.2.tar.gz
[2023-06-08 00:02:38] INFO root fetch - processPackages [dj-easy-pdf]: Downloading https://files.pythonhosted.org/packages/6c/1a/c71733da96e914fc50e34bb10a77e2be11296a60a603b4e4aa402d0f230b/dj-easy-pdf-0.2.4.tar.gz
[2023-06-08 00:02:38] INFO root fetch - processPackages [clipped]: Downloading https://files.pythonhosted.org/packages/19/4e/ed6d1799c3bd46e1c6a96a29df2423e3e39e513a38c1a33413a1e4fe970d/clipped-0.3.4.tar.gz
[2023-06-08 00:02:38] INFO root fetch - processPackages [waveorder]: Downloading https://files.pythonhosted.org/packages/88/f9/6306b800ce3a86c9ce79427bec94ac277fb24487502a846b9bdafe63d0ee/waveorder-1.0.0rc3.tar.gz
[2023-06-08 00:02:38] INFO root fetch - processPackages [BanterBot]: Downloading https://files.pythonhosted.org/packages/94/db/d824fbd7d09c1e478a536c33213609d264d5504c9174207fff652b9c5a1d/BanterBot-0.0.4.tar.gz
[2023-06-08 00:02:38] INFO root fetch - processPackages [progscheduler]: Downloading https://files.pythonhosted.org/packages/28/9e/0ef80f9308cc967ac117a579dee8ea1859c530707b90449850fd2f556e78/progscheduler-2.3.3.tar.gz
[2023-06-08 00:02:38] INFO root fetch - processPackages [ooo-dev-tools]: Downloading https://files.pythonhosted.org/packages/41/44/3184c5212ea19d64e5dcf92dc1f7e0c08bda64a5787bdf62a49038d1b40a/ooo_dev_tools-0.9.7.tar.gz
[2023-06-08 00:02:38] INFO root fetch - processPackages [coastsat-package]: Downloading https://files.pythonhosted.org/packages/c5/b9/bbe0f91e773f2ff00b4883939c25278cb13099ac01d05593e3bae87ad82c/coastsat_package-0.1.8.tar.gz
[2023-06-08 00:02:38] WARNING root fetch - processPackages [waveorder]: Skipping package: exceeds size limit 66346411>=10485760
[2023-06-08 00:02:38] INFO root fetch - main [MainThread]: End processing [waveorder] error
[2023-06-08 00:02:38] INFO root fetch - processPackages [choosy]: Downloading https://files.pythonhosted.org/packages/f5/a4/98a977152270ad83b74cd518fbdaa083572f47b049d671b2c4db185197f7/choosy-0.0.3.tar.gz
[2023-06-08 00:02:38] INFO root fetch - processPackages [dj-easy-pdf]: Downloading https://files.pythonhosted.org/packages/5b/be/412975003746157668e31a824a1bfc72ef20b552dbe9aa259c539651cd27/dj-easy-pdf-0.3.6.tar.gz
[2023-06-08 00:02:38] INFO root fetch - processPackages [choosy]: executing diffoscope
[2023-06-08 00:02:38] INFO root fetch - processPackages [choosy]: podman run --user 0:0 --rm -w /home/abi/fetcher -v /home/abi/fetcher/tmp:/home/abi/fetcher/tmp:ro -v /home/abi/fetcher/20230608:/home/abi/fetcher/20230608:rw registry.salsa.debian.org/reproducible-builds/diffoscope --no-progress tmp/choosy-0.0.2.tar.gz tmp/choosy-0.0.3.tar.gz --markdown 20230608/c/choosy/0.0.2-0.0.3/diff.md --exclude *.pyd
[2023-06-08 00:02:38] INFO root fetch - processPackages [BanterBot]: Downloading https://files.pythonhosted.org/packages/eb/4a/0888ed6391d712ca6a67485ccd695c738aa6d5ac762fea0c6d7b92f25689/BanterBot-0.0.5.tar.gz
[2023-06-08 00:02:38] INFO root fetch - processPackages [dj-easy-pdf]: executing diffoscope
[2023-06-08 00:02:38] INFO root fetch - processPackages [dj-easy-pdf]: podman run --user 0:0 --rm -w /home/abi/fetcher -v /home/abi/fetcher/tmp:/home/abi/fetcher/tmp:ro -v /home/abi/fetcher/20230608:/home/abi/fetcher/20230608:rw registry.salsa.debian.org/reproducible-builds/diffoscope --no-progress tmp/dj-easy-pdf-0.2.4.tar.gz tmp/dj-easy-pdf-0.3.6.tar.gz --markdown 20230608/d/dj-easy-pdf/0.2.4-0.3.6/diff.md --exclude *.pyd
[2023-06-08 00:02:38] INFO root fetch - processPackages [progscheduler]: Downloading https://files.pythonhosted.org/packages/8c/ea/d79dd8a4896c3eac858efcae5cddb1d2b6edcd60b6f1bb7d3d9dcba92bed/progscheduler-2.3.4.tar.gz
[2023-06-08 00:02:38] INFO root fetch - processPackages [BanterBot]: executing diffoscope
[2023-06-08 00:02:38] INFO root fetch - processPackages [BanterBot]: podman run --user 0:0 --rm -w /home/abi/fetcher -v /home/abi/fetcher/tmp:/home/abi/fetcher/tmp:ro -v /home/abi/fetcher/20230608:/home/abi/fetcher/20230608:rw registry.salsa.debian.org/reproducible-builds/diffoscope --no-progress tmp/BanterBot-0.0.4.tar.gz tmp/BanterBot-0.0.5.tar.gz --markdown 20230608/B/BanterBot/0.0.4-0.0.5/diff.md --exclude *.pyd
[2023-06-08 00:02:38] INFO root fetch - processPackages [clipped]: Downloading https://files.pythonhosted.org/packages/d9/c2/cd22aa08c5c3bbd355b77911fc7e992af570fea1b68687ce4814e037b921/clipped-0.4.0.tar.gz
[2023-06-08 00:02:38] INFO root fetch - processPackages [clipped]: executing diffoscope
[2023-06-08 00:02:38] INFO root fetch - processPackages [clipped]: podman run --user 0:0 --rm -w /home/abi/fetcher -v /home/abi/fetcher/tmp:/home/abi/fetcher/tmp:ro -v /home/abi/fetcher/20230608:/home/abi/fetcher/20230608:rw registry.salsa.debian.org/reproducible-builds/diffoscope --no-progress tmp/clipped-0.3.4.tar.gz tmp/clipped-0.4.0.tar.gz --markdown 20230608/c/clipped/0.3.4-0.4.0/diff.md --exclude *.pyd
[2023-06-08 00:02:39] INFO root fetch - processPackages [progscheduler]: executing diffoscope
[2023-06-08 00:02:39] INFO root fetch - processPackages [progscheduler]: podman run --user 0:0 --rm -w /home/abi/fetcher -v /home/abi/fetcher/tmp:/home/abi/fetcher/tmp:ro -v /home/abi/fetcher/20230608:/home/abi/fetcher/20230608:rw registry.salsa.debian.org/reproducible-builds/diffoscope --no-progress tmp/progscheduler-2.3.3.tar.gz tmp/progscheduler-2.3.4.tar.gz --markdown 20230608/p/progscheduler/2.3.3-2.3.4/diff.md --exclude *.pyd
[2023-06-08 00:02:39] WARNING root fetch - processPackages [coastsat-package]: Skipping package: exceeds size limit 32859514>=10485760
[2023-06-08 00:02:39] INFO root fetch - main [MainThread]: End processing [coastsat-package] error
[2023-06-08 00:02:40] INFO root fetch - processPackages [ooo-dev-tools]: Downloading https://files.pythonhosted.org/packages/20/e8/b38a2ad24f414b81985e10c35e1192cb22350ca6b0dc68f0104509e3c0bf/ooo_dev_tools-0.9.8.tar.gz
[2023-06-08 00:02:40] INFO root fetch - processPackages [choosy]: Remove: archive file [/home/abi/fetcher/tmp/choosy-0.0.2.tar.gz]
[2023-06-08 00:02:40] INFO root fetch - processPackages [choosy]: Remove: archive file [/home/abi/fetcher/tmp/choosy-0.0.3.tar.gz]
[2023-06-08 00:02:40] INFO root fetch - main [MainThread]: End processing [choosy]: success
[2023-06-08 00:02:40] INFO root fetch - processPackages [dj-easy-pdf]: Remove: archive file [/home/abi/fetcher/tmp/dj-easy-pdf-0.2.4.tar.gz]
[2023-06-08 00:02:40] INFO root fetch - processPackages [dj-easy-pdf]: Remove: archive file [/home/abi/fetcher/tmp/dj-easy-pdf-0.3.6.tar.gz]
[2023-06-08 00:02:40] INFO root fetch - main [MainThread]: End processing [dj-easy-pdf]: success
[2023-06-08 00:02:40] INFO root fetch - processPackages [progscheduler]: Remove: archive file [/home/abi/fetcher/tmp/progscheduler-2.3.3.tar.gz]
[2023-06-08 00:02:40] INFO root fetch - processPackages [progscheduler]: Remove: archive file [/home/abi/fetcher/tmp/progscheduler-2.3.4.tar.gz]
[2023-06-08 00:02:40] INFO root fetch - main [MainThread]: End processing [progscheduler]: success
[2023-06-08 00:02:40] INFO root fetch - processPackages [ooo-dev-tools]: executing diffoscope
[2023-06-08 00:02:40] INFO root fetch - processPackages [ooo-dev-tools]: podman run --user 0:0 --rm -w /home/abi/fetcher -v /home/abi/fetcher/tmp:/home/abi/fetcher/tmp:ro -v /home/abi/fetcher/20230608:/home/abi/fetcher/20230608:rw registry.salsa.debian.org/reproducible-builds/diffoscope --no-progress tmp/ooo_dev_tools-0.9.7.tar.gz tmp/ooo_dev_tools-0.9.8.tar.gz --markdown 20230608/o/ooo-dev-tools/0.9.7-0.9.8/diff.md --exclude *.pyd
[2023-06-08 00:02:40] INFO root fetch - processPackages [clipped]: Remove: archive file [/home/abi/fetcher/tmp/clipped-0.3.4.tar.gz]
[2023-06-08 00:02:40] INFO root fetch - processPackages [clipped]: Remove: archive file [/home/abi/fetcher/tmp/clipped-0.4.0.tar.gz]
[2023-06-08 00:02:40] INFO root fetch - main [MainThread]: End processing [clipped]: success
[2023-06-08 00:02:40] INFO root fetch - processPackages [BanterBot]: Remove: archive file [/home/abi/fetcher/tmp/BanterBot-0.0.4.tar.gz]
[2023-06-08 00:02:40] INFO root fetch - processPackages [BanterBot]: Remove: archive file [/home/abi/fetcher/tmp/BanterBot-0.0.5.tar.gz]
[2023-06-08 00:02:40] INFO root fetch - main [MainThread]: End processing [BanterBot]: success
[2023-06-08 00:02:51] INFO root fetch - processPackages [ooo-dev-tools]: Remove: archive file [/home/abi/fetcher/tmp/ooo_dev_tools-0.9.7.tar.gz]
[2023-06-08 00:02:51] INFO root fetch - processPackages [ooo-dev-tools]: Remove: archive file [/home/abi/fetcher/tmp/ooo_dev_tools-0.9.8.tar.gz]
[2023-06-08 00:02:51] INFO root fetch - main [MainThread]: End processing [ooo-dev-tools]: success
[2023-06-08 00:02:51] INFO root fetch - main [MainThread]: Store serial: [18414519]
